17:31:15.117 [main] INFO  com.intuit.karate.Runner - using system property 'karate.options': --tags @happypath
17:31:15.276 [main] DEBUG com.intuit.karate.Suite - [config] classpath:karate-config.js
17:31:16.050 [main] INFO  com.intuit.karate - karate.env system property was: null 
17:31:16.316 [main] DEBUG com.intuit.karate - request:
1 > POST https://petstore.swagger.io/v2/pet
1 > Content-Type: application/json; charset=UTF-8
1 > Content-Length: 135
1 > Host: petstore.swagger.io
1 > Connection: Keep-Alive
1 > User-Agent: Apache-HttpClient/4.5.14 (Java/17.0.18)
1 > Accept-Encoding: gzip,deflate
{"id":1,"category":{"id":0,"name":"string"},"name":"Max","photoUrls":["string"],"tags":[{"id":0,"name":"string"}],"status":"available"}

17:31:17.044 [main] DEBUG com.intuit.karate - response time in milliseconds: 718
1 < 200
1 < Date: Sat, 21 Feb 2026 22:31:17 GMT
1 < Content-Type: application/json
1 < Transfer-Encoding: chunked
1 < Connection: keep-alive
1 < Access-Control-Allow-Origin: *
1 < Access-Control-Allow-Methods: GET, POST, DELETE, PUT
1 < Access-Control-Allow-Headers: Content-Type, api_key, Authorization
1 < Server: Jetty(9.2.9.v20150224)
{"id":1,"category":{"id":0,"name":"string"},"name":"Max","photoUrls":["string"],"tags":[{"id":0,"name":"string"}],"status":"available"}

17:31:17.065 [main] INFO  com.intuit.karate - karate.env system property was: null 
17:31:17.071 [main] DEBUG com.intuit.karate - request:
1 > PUT https://petstore.swagger.io/v2/pet
1 > Content-Type: application/json; charset=UTF-8
1 > Content-Length: 133
1 > Host: petstore.swagger.io
1 > Connection: Keep-Alive
1 > User-Agent: Apache-HttpClient/4.5.14 (Java/17.0.18)
1 > Accept-Encoding: gzip,deflate
{"id":"3","category":{"id":0,"name":"string"},"name":"Toby","photoUrls":["string"],"tags":[{"id":0,"name":"string"}],"status":"sold"}

17:31:17.372 [main] DEBUG com.intuit.karate - response time in milliseconds: 300
1 < 200
1 < Date: Sat, 21 Feb 2026 22:31:17 GMT
1 < Content-Type: application/json
1 < Transfer-Encoding: chunked
1 < Connection: keep-alive
1 < Access-Control-Allow-Origin: *
1 < Access-Control-Allow-Methods: GET, POST, DELETE, PUT
1 < Access-Control-Allow-Headers: Content-Type, api_key, Authorization
1 < Server: Jetty(9.2.9.v20150224)
{"id":3,"category":{"id":0,"name":"string"},"name":"Toby","photoUrls":["string"],"tags":[{"id":0,"name":"string"}],"status":"sold"}

17:31:17.379 [main] INFO  com.intuit.karate - karate.env system property was: null 
17:31:17.386 [main] INFO  c.intuit.karate.core.FeatureRuntime - classpath:examples/users/users.feature - call by tag at line 9: crearMascosta
17:31:17.395 [main] DEBUG com.intuit.karate - request:
1 > POST https://petstore.swagger.io/v2/pet
1 > Content-Type: application/json; charset=UTF-8
1 > Content-Length: 135
1 > Host: petstore.swagger.io
1 > Connection: Keep-Alive
1 > User-Agent: Apache-HttpClient/4.5.14 (Java/17.0.18)
1 > Accept-Encoding: gzip,deflate
{"id":1,"category":{"id":0,"name":"string"},"name":"Max","photoUrls":["string"],"tags":[{"id":0,"name":"string"}],"status":"available"}

17:31:17.701 [main] DEBUG com.intuit.karate - response time in milliseconds: 306
1 < 200
1 < Date: Sat, 21 Feb 2026 22:31:17 GMT
1 < Content-Type: application/json
1 < Transfer-Encoding: chunked
1 < Connection: keep-alive
1 < Access-Control-Allow-Origin: *
1 < Access-Control-Allow-Methods: GET, POST, DELETE, PUT
1 < Access-Control-Allow-Headers: Content-Type, api_key, Authorization
1 < Server: Jetty(9.2.9.v20150224)
{"id":1,"category":{"id":0,"name":"string"},"name":"Max","photoUrls":["string"],"tags":[{"id":0,"name":"string"}],"status":"available"}

17:31:17.712 [main] DEBUG com.intuit.karate - request:
1 > GET https://petstore.swagger.io/v2/pet/1
1 > Host: petstore.swagger.io
1 > Connection: Keep-Alive
1 > User-Agent: Apache-HttpClient/4.5.14 (Java/17.0.18)
1 > Accept-Encoding: gzip,deflate


17:31:18.012 [main] DEBUG com.intuit.karate - response time in milliseconds: 300
1 < 200
1 < Date: Sat, 21 Feb 2026 22:31:17 GMT
1 < Content-Type: application/json
1 < Transfer-Encoding: chunked
1 < Connection: keep-alive
1 < Access-Control-Allow-Origin: *
1 < Access-Control-Allow-Methods: GET, POST, DELETE, PUT
1 < Access-Control-Allow-Headers: Content-Type, api_key, Authorization
1 < Server: Jetty(9.2.9.v20150224)
{"id":1,"category":{"id":0,"name":"string"},"name":"Max","photoUrls":["string"],"tags":[{"id":0,"name":"string"}],"status":"available"}

17:31:18.022 [main] INFO  com.intuit.karate - karate.env system property was: null 
17:31:18.125 [main] DEBUG com.intuit.karate - request:
1 > POST https://petstore.swagger.io/v2/pet/3/uploadImage
1 > Content-Type: multipart/form-data; boundary=bb29f598f0d3b30c
1 > Content-Length: 3277
1 > Host: petstore.swagger.io
1 > Connection: Keep-Alive
1 > User-Agent: Apache-HttpClient/4.5.14 (Java/17.0.18)
1 > Accept-Encoding: gzip,deflate

Mixed: content-disposition: form-data; name="file"; filename="perrito.jpg"
content-type: image/jpeg; charset=UTF-8
content-length: 3079
Completed: true
IsInMemory: true


17:31:18.432 [main] DEBUG com.intuit.karate - response time in milliseconds: 305
1 < 200
1 < Date: Sat, 21 Feb 2026 22:31:18 GMT
1 < Content-Type: application/json
1 < Transfer-Encoding: chunked
1 < Connection: keep-alive
1 < Access-Control-Allow-Origin: *
1 < Access-Control-Allow-Methods: GET, POST, DELETE, PUT
1 < Access-Control-Allow-Headers: Content-Type, api_key, Authorization
1 < Server: Jetty(9.2.9.v20150224)
{"code":200,"type":"unknown","message":"additionalMetadata: null\nFile uploaded to ./perrito.jpg, 3079 bytes"}

17:31:18.439 [main] INFO  com.intuit.karate - karate.env system property was: null 
17:31:18.444 [main] DEBUG com.intuit.karate - request:
1 > DELETE https://petstore.swagger.io/v2/pet/1
1 > Host: petstore.swagger.io
1 > Connection: Keep-Alive
1 > User-Agent: Apache-HttpClient/4.5.14 (Java/17.0.18)
1 > Accept-Encoding: gzip,deflate


17:31:18.743 [main] DEBUG com.intuit.karate - response time in milliseconds: 298
1 < 200
1 < Date: Sat, 21 Feb 2026 22:31:18 GMT
1 < Content-Type: application/json
1 < Transfer-Encoding: chunked
1 < Connection: keep-alive
1 < Access-Control-Allow-Origin: *
1 < Access-Control-Allow-Methods: GET, POST, DELETE, PUT
1 < Access-Control-Allow-Headers: Content-Type, api_key, Authorization
1 < Server: Jetty(9.2.9.v20150224)
{"code":200,"type":"unknown","message":"1"}

17:31:18.751 [main] INFO  com.intuit.karate - karate.env system property was: null 
17:31:18.756 [main] DEBUG com.intuit.karate - request:
1 > DELETE https://petstore.swagger.io/v2/pet/3
1 > Host: petstore.swagger.io
1 > Connection: Keep-Alive
1 > User-Agent: Apache-HttpClient/4.5.14 (Java/17.0.18)
1 > Accept-Encoding: gzip,deflate


17:31:19.055 [main] DEBUG com.intuit.karate - response time in milliseconds: 298
1 < 200
1 < Date: Sat, 21 Feb 2026 22:31:19 GMT
1 < Content-Type: application/json
1 < Transfer-Encoding: chunked
1 < Connection: keep-alive
1 < Access-Control-Allow-Origin: *
1 < Access-Control-Allow-Methods: GET, POST, DELETE, PUT
1 < Access-Control-Allow-Headers: Content-Type, api_key, Authorization
1 < Server: Jetty(9.2.9.v20150224)
{"code":200,"type":"unknown","message":"3"}

